build/app/intermediates/manifest_merge_blame_file/release/manifest-merger-blame-release-report.txt
1<?xml version="1.0" encoding="utf-8"?>
2<manifest xmlns:android="http://schemas.android.com/apk/res/android"
3    package="com.madmillgames.fluttersnslogin2205"
4    android:versionCode="1"
5    android:versionName="1.0.0" >
6
7    <uses-sdk
8        android:minSdkVersion="21"
8-->src/main/AndroidManifest.xml
9        android:targetSdkVersion="30" />
9-->src/main/AndroidManifest.xml
10    <!-- 1. Setup Require -->
11    <uses-permission android:name="android.permission.INTERNET" />
11-->src/main/AndroidManifest.xml:4:4-66
11-->src/main/AndroidManifest.xml:4:21-63
12    <uses-permission android:name="android.permission.ACCESS_NETWORK_STATE" />
12-->[:flutter_naver_login] AndroidManifest.xml:10:5-79
12-->[:flutter_naver_login] AndroidManifest.xml:10:22-76
13
14    <queries>
14-->[com.navercorp.nid:oauth-jdk8:5.0.1] AndroidManifest.xml:13:5-23:15
15
16        <!-- 네이버앱 : 로그인, 스킴로그인 -->
17        <package android:name="com.nhn.android.search" />
17-->[com.navercorp.nid:oauth-jdk8:5.0.1] AndroidManifest.xml:16:9-58
17-->[com.navercorp.nid:oauth-jdk8:5.0.1] AndroidManifest.xml:16:18-55
18        <!-- 커스텀탭 로그인 -->
19        <intent>
19-->[com.navercorp.nid:oauth-jdk8:5.0.1] AndroidManifest.xml:18:9-20:18
20            <action android:name="android.support.customtabs.action.CustomTabsService" />
20-->[com.navercorp.nid:oauth-jdk8:5.0.1] AndroidManifest.xml:19:13-90
20-->[com.navercorp.nid:oauth-jdk8:5.0.1] AndroidManifest.xml:19:21-87
21        </intent>
22
23        <package android:name="com.android.chrome" />
23-->[com.navercorp.nid:oauth-jdk8:5.0.1] AndroidManifest.xml:22:9-54
23-->[com.navercorp.nid:oauth-jdk8:5.0.1] AndroidManifest.xml:22:18-51
24        <package android:name="com.kakao.talk" />
24-->[com.kakao.sdk:v2-common:2.7.0] AndroidManifest.xml:12:9-50
24-->[com.kakao.sdk:v2-common:2.7.0] AndroidManifest.xml:12:18-47
25        <package android:name="com.kakao.talk.alpha" />
25-->[com.kakao.sdk:v2-common:2.7.0] AndroidManifest.xml:13:9-56
25-->[com.kakao.sdk:v2-common:2.7.0] AndroidManifest.xml:13:18-53
26        <package android:name="com.kakao.talk.sandbox" />
26-->[com.kakao.sdk:v2-common:2.7.0] AndroidManifest.xml:14:9-58
26-->[com.kakao.sdk:v2-common:2.7.0] AndroidManifest.xml:14:18-55
27        <package android:name="com.kakao.onetalk" />
27-->[com.kakao.sdk:v2-common:2.7.0] AndroidManifest.xml:15:9-53
27-->[com.kakao.sdk:v2-common:2.7.0] AndroidManifest.xml:15:18-50
28        <package android:name="com.chrome.beta" />
28-->[com.kakao.sdk:v2-common:2.7.0] AndroidManifest.xml:17:9-51
28-->[com.kakao.sdk:v2-common:2.7.0] AndroidManifest.xml:17:18-48
29        <package android:name="com.chrome.dev" />
29-->[com.kakao.sdk:v2-common:2.7.0] AndroidManifest.xml:18:9-50
29-->[com.kakao.sdk:v2-common:2.7.0] AndroidManifest.xml:18:18-47
30    </queries>
31
32    <uses-permission android:name="android.permission.WAKE_LOCK" />
32-->[com.google.android.gms:play-services-measurement-api:20.1.2] AndroidManifest.xml:24:5-68
32-->[com.google.android.gms:play-services-measurement-api:20.1.2] AndroidManifest.xml:24:22-65
33    <uses-permission android:name="com.google.android.gms.permission.AD_ID" />
33-->[com.google.android.gms:play-services-measurement-api:20.1.2] AndroidManifest.xml:25:5-79
33-->[com.google.android.gms:play-services-measurement-api:20.1.2] AndroidManifest.xml:25:22-76
34    <uses-permission android:name="com.google.android.finsky.permission.BIND_GET_INSTALL_REFERRER_SERVICE" />
34-->[com.google.android.gms:play-services-measurement:20.1.2] AndroidManifest.xml:26:5-110
34-->[com.google.android.gms:play-services-measurement:20.1.2] AndroidManifest.xml:26:22-107
35
36    <application
37        android:name="android.app.Application"
37-->src/main/AndroidManifest.xml:8:9-42
38        android:appComponentFactory="androidx.core.app.CoreComponentFactory"
38-->[androidx.core:core:1.6.0] AndroidManifest.xml:24:18-86
39        android:icon="@mipmap/ic_launcher"
39-->src/main/AndroidManifest.xml:9:9-43
40        android:label="fluttersnslogin2205" >
40-->src/main/AndroidManifest.xml:7:9-44
41
42        <!-- 네이버 로그인 처리 strt -->
43        <meta-data
43-->src/main/AndroidManifest.xml:11:9-13:49
44            android:name="com.naver.sdk.clientId"
44-->src/main/AndroidManifest.xml:12:13-50
45            android:value="@string/client_id" />
45-->src/main/AndroidManifest.xml:13:13-46
46        <meta-data
46-->src/main/AndroidManifest.xml:14:9-16:53
47            android:name="com.naver.sdk.clientSecret"
47-->src/main/AndroidManifest.xml:15:13-54
48            android:value="@string/client_secret" />
48-->src/main/AndroidManifest.xml:16:13-50
49        <meta-data
49-->src/main/AndroidManifest.xml:17:10-19:51
50            android:name="com.naver.sdk.clientName"
50-->src/main/AndroidManifest.xml:18:13-52
51            android:value="@string/client_name" />
51-->src/main/AndroidManifest.xml:19:13-48
52        <!-- 네이버 로그인 처리 End -->
53        <activity
53-->src/main/AndroidManifest.xml:21:9-41:20
54            android:name="com.madmillgames.fluttersnslogin2205.MainActivity"
54-->src/main/AndroidManifest.xml:22:13-41
55            android:configChanges="orientation|keyboardHidden|keyboard|screenSize|smallestScreenSize|locale|layoutDirection|fontScale|screenLayout|density|uiMode"
55-->src/main/AndroidManifest.xml:26:13-163
56            android:exported="true"
56-->src/main/AndroidManifest.xml:23:13-36
57            android:hardwareAccelerated="true"
57-->src/main/AndroidManifest.xml:27:13-47
58            android:launchMode="singleTop"
58-->src/main/AndroidManifest.xml:24:13-43
59            android:theme="@style/LaunchTheme"
59-->src/main/AndroidManifest.xml:25:13-47
60            android:windowSoftInputMode="adjustResize" >
60-->src/main/AndroidManifest.xml:28:13-55
61
62            <!--
63                 Specifies an Android theme to apply to this Activity as soon as
64                 the Android process has started. This theme is visible to the user
65                 while the Flutter UI initializes. After that, this theme continues
66                 to determine the Window background behind the Flutter UI.
67            -->
68            <meta-data
68-->src/main/AndroidManifest.xml:33:13-36:17
69                android:name="io.flutter.embedding.android.NormalTheme"
69-->src/main/AndroidManifest.xml:34:15-70
70                android:resource="@style/NormalTheme" />
70-->src/main/AndroidManifest.xml:35:15-52
71
72            <intent-filter>
72-->src/main/AndroidManifest.xml:37:13-40:29
73                <action android:name="android.intent.action.MAIN" />
73-->src/main/AndroidManifest.xml:38:17-68
73-->src/main/AndroidManifest.xml:38:25-66
74
75                <category android:name="android.intent.category.LAUNCHER" />
75-->src/main/AndroidManifest.xml:39:17-76
75-->src/main/AndroidManifest.xml:39:27-74
76            </intent-filter>
77        </activity>
78
79        <!-- 2. Setup Kakao -->
80        <activity
80-->src/main/AndroidManifest.xml:44:9-56:20
81            android:name="com.kakao.sdk.auth.AuthCodeHandlerActivity"
81-->src/main/AndroidManifest.xml:44:19-76
82            android:launchMode="singleTask"
82-->[com.kakao.sdk:v2-auth:2.7.0] AndroidManifest.xml:19:13-44
83            android:theme="@style/TransparentCompat" >
83-->[com.kakao.sdk:v2-auth:2.7.0] AndroidManifest.xml:20:13-53
84            <intent-filter>
84-->src/main/AndroidManifest.xml:45:13-55:29
85                <action android:name="android.intent.action.VIEW" />
85-->src/main/AndroidManifest.xml:46:17-69
85-->src/main/AndroidManifest.xml:46:25-66
86
87                <category android:name="android.intent.category.DEFAULT" />
87-->src/main/AndroidManifest.xml:47:17-76
87-->src/main/AndroidManifest.xml:47:27-73
88                <category android:name="android.intent.category.BROWSABLE" />
88-->src/main/AndroidManifest.xml:48:17-78
88-->src/main/AndroidManifest.xml:48:27-75
89
90                <!-- Redirect URI: "kakao{NATIVE_APP_KEY}://oauth“ -->
91                <data
91-->src/main/AndroidManifest.xml:51:17-52:78
92                    android:host="oauth"
92-->src/main/AndroidManifest.xml:51:23-43
93                    android:scheme="kakao6d7ed146b3a06bb691e6f5977d5086c4" />
93-->src/main/AndroidManifest.xml:52:21-75
94                <!-- ex) android:scheme="kakao0123456789abcdefghijklmn" /> -->
95
96            </intent-filter>
97        </activity>
98
99        <!--
100             Don't delete the meta-data below.
101             This is used by the Flutter tool to generate GeneratedPluginRegistrant.java
102        -->
103        <meta-data
103-->src/main/AndroidManifest.xml:60:9-62:33
104            android:name="flutterEmbedding"
104-->src/main/AndroidManifest.xml:61:13-44
105            android:value="2" />
105-->src/main/AndroidManifest.xml:62:13-30
106
107        <service
107-->[:firebase_auth] AndroidManifest.xml:10:9-14:19
108            android:name="com.google.firebase.components.ComponentDiscoveryService"
108-->[:firebase_auth] AndroidManifest.xml:10:18-89
109            android:directBootAware="true"
109-->[com.google.firebase:firebase-common:20.1.0] AndroidManifest.xml:35:13-43
110            android:exported="false" >
110-->[com.google.firebase:firebase-auth:21.0.3] AndroidManifest.xml:66:13-37
111            <meta-data
111-->[:firebase_auth] AndroidManifest.xml:11:13-13:85
112                android:name="com.google.firebase.components:io.flutter.plugins.firebase.auth.FlutterFirebaseAuthRegistrar"
112-->[:firebase_auth] AndroidManifest.xml:12:17-124
113                android:value="com.google.firebase.components.ComponentRegistrar" />
113-->[:firebase_auth] AndroidManifest.xml:13:17-82
114            <meta-data
114-->[:firebase_core] AndroidManifest.xml:11:13-13:85
115                android:name="com.google.firebase.components:io.flutter.plugins.firebase.core.FlutterFirebaseCoreRegistrar"
115-->[:firebase_core] AndroidManifest.xml:12:17-124
116                android:value="com.google.firebase.components.ComponentRegistrar" />
116-->[:firebase_core] AndroidManifest.xml:13:17-82
117            <meta-data
117-->[com.google.firebase:firebase-auth:21.0.3] AndroidManifest.xml:67:13-69:85
118                android:name="com.google.firebase.components:com.google.firebase.auth.FirebaseAuthRegistrar"
118-->[com.google.firebase:firebase-auth:21.0.3] AndroidManifest.xml:68:17-109
119                android:value="com.google.firebase.components.ComponentRegistrar" />
119-->[com.google.firebase:firebase-auth:21.0.3] AndroidManifest.xml:69:17-82
120            <meta-data
120-->[com.google.android.gms:play-services-measurement-api:20.1.2] AndroidManifest.xml:31:13-33:85
121                android:name="com.google.firebase.components:com.google.firebase.analytics.connector.internal.AnalyticsConnectorRegistrar"
121-->[com.google.android.gms:play-services-measurement-api:20.1.2] AndroidManifest.xml:32:17-139
122                android:value="com.google.firebase.components.ComponentRegistrar" />
122-->[com.google.android.gms:play-services-measurement-api:20.1.2] AndroidManifest.xml:33:17-82
123            <meta-data
123-->[com.google.firebase:firebase-installations:17.0.1] AndroidManifest.xml:18:13-20:85
124                android:name="com.google.firebase.components:com.google.firebase.installations.FirebaseInstallationsRegistrar"
124-->[com.google.firebase:firebase-installations:17.0.1] AndroidManifest.xml:19:17-127
125                android:value="com.google.firebase.components.ComponentRegistrar" />
125-->[com.google.firebase:firebase-installations:17.0.1] AndroidManifest.xml:20:17-82
126        </service> <!-- <activity -->
127        <!-- android:name="com.nhn.android.naverlogin.ui.OAuthLoginActivity" -->
128        <!-- android:configChanges="orientation|screenSize" -->
129        <!-- android:theme="@style/Theme.AppCompat.Light.Dialog" /> -->
130        <activity
130-->[com.navercorp.nid:oauth-jdk8:5.0.1] AndroidManifest.xml:32:9-35:78
131            android:name="com.navercorp.nid.oauth.NidOAuthBridgeActivity"
131-->[com.navercorp.nid:oauth-jdk8:5.0.1] AndroidManifest.xml:33:13-74
132            android:configChanges="orientation|screenSize"
132-->[com.navercorp.nid:oauth-jdk8:5.0.1] AndroidManifest.xml:34:13-59
133            android:theme="@style/Theme.AppCompat.Transparent.NoActionBar" />
133-->[com.navercorp.nid:oauth-jdk8:5.0.1] AndroidManifest.xml:35:13-75
134        <activity
134-->[com.navercorp.nid:oauth-jdk8:5.0.1] AndroidManifest.xml:36:9-40:50
135            android:name="com.navercorp.nid.oauth.activity.NidOAuthWebViewActivity"
135-->[com.navercorp.nid:oauth-jdk8:5.0.1] AndroidManifest.xml:37:13-84
136            android:configChanges="orientation|screenSize"
136-->[com.navercorp.nid:oauth-jdk8:5.0.1] AndroidManifest.xml:38:13-59
137            android:label="OAuth2.0 by WebView"
137-->[com.navercorp.nid:oauth-jdk8:5.0.1] AndroidManifest.xml:39:13-48
138            android:screenOrientation="behind" />
138-->[com.navercorp.nid:oauth-jdk8:5.0.1] AndroidManifest.xml:40:13-47
139        <activity
139-->[com.navercorp.nid:oauth-jdk8:5.0.1] AndroidManifest.xml:41:9-60:20
140            android:name="com.navercorp.nid.oauth.activity.NidOAuthCustomTabActivity"
140-->[com.navercorp.nid:oauth-jdk8:5.0.1] AndroidManifest.xml:42:13-86
141            android:configChanges="orientation|screenSize"
141-->[com.navercorp.nid:oauth-jdk8:5.0.1] AndroidManifest.xml:43:13-59
142            android:exported="true"
142-->[com.navercorp.nid:oauth-jdk8:5.0.1] AndroidManifest.xml:44:13-36
143            android:label="OAuth2.0 by Custom tabs"
143-->[com.navercorp.nid:oauth-jdk8:5.0.1] AndroidManifest.xml:45:13-52
144            android:launchMode="singleTask"
144-->[com.navercorp.nid:oauth-jdk8:5.0.1] AndroidManifest.xml:46:13-44
145            android:screenOrientation="behind"
145-->[com.navercorp.nid:oauth-jdk8:5.0.1] AndroidManifest.xml:47:13-47
146            android:theme="@style/Theme.AppCompat.NoActionBar" >
146-->[com.navercorp.nid:oauth-jdk8:5.0.1] AndroidManifest.xml:48:13-63
147            <intent-filter>
147-->[com.navercorp.nid:oauth-jdk8:5.0.1] AndroidManifest.xml:49:13-59:29
148                <action android:name="android.intent.action.VIEW" />
148-->src/main/AndroidManifest.xml:46:17-69
148-->src/main/AndroidManifest.xml:46:25-66
149
150                <category android:name="android.intent.category.DEFAULT" />
150-->src/main/AndroidManifest.xml:47:17-76
150-->src/main/AndroidManifest.xml:47:27-73
151                <category android:name="android.intent.category.BROWSABLE" />
151-->src/main/AndroidManifest.xml:48:17-78
151-->src/main/AndroidManifest.xml:48:27-75
152                <!-- Intent URL 에서 로그인 액티비티를 실행하기 위해 설정 -->
153                <data
153-->src/main/AndroidManifest.xml:51:17-52:78
154                    android:host="authorize"
154-->src/main/AndroidManifest.xml:51:23-43
155                    android:path="/"
156                    android:scheme="naver3rdpartylogin" />
156-->src/main/AndroidManifest.xml:52:21-75
157            </intent-filter>
158        </activity>
159
160        <uses-library
160-->[androidx.window:window:1.0.0-beta04] AndroidManifest.xml:25:9-27:40
161            android:name="androidx.window.extensions"
161-->[androidx.window:window:1.0.0-beta04] AndroidManifest.xml:26:13-54
162            android:required="false" />
162-->[androidx.window:window:1.0.0-beta04] AndroidManifest.xml:27:13-37
163        <uses-library
163-->[androidx.window:window:1.0.0-beta04] AndroidManifest.xml:28:9-30:40
164            android:name="androidx.window.sidecar"
164-->[androidx.window:window:1.0.0-beta04] AndroidManifest.xml:29:13-51
165            android:required="false" />
165-->[androidx.window:window:1.0.0-beta04] AndroidManifest.xml:30:13-37
166
167        <activity
167-->[com.google.firebase:firebase-auth:21.0.3] AndroidManifest.xml:27:9-44:20
168            android:name="com.google.firebase.auth.internal.GenericIdpActivity"
168-->[com.google.firebase:firebase-auth:21.0.3] AndroidManifest.xml:28:13-80
169            android:excludeFromRecents="true"
169-->[com.google.firebase:firebase-auth:21.0.3] AndroidManifest.xml:29:13-46
170            android:exported="true"
170-->[com.google.firebase:firebase-auth:21.0.3] AndroidManifest.xml:30:13-36
171            android:launchMode="singleTask"
171-->[com.google.firebase:firebase-auth:21.0.3] AndroidManifest.xml:31:13-44
172            android:theme="@android:style/Theme.Translucent.NoTitleBar" >
172-->[com.google.firebase:firebase-auth:21.0.3] AndroidManifest.xml:32:13-72
173            <intent-filter>
173-->[com.google.firebase:firebase-auth:21.0.3] AndroidManifest.xml:33:13-43:29
174                <action android:name="android.intent.action.VIEW" />
174-->src/main/AndroidManifest.xml:46:17-69
174-->src/main/AndroidManifest.xml:46:25-66
175
176                <category android:name="android.intent.category.DEFAULT" />
176-->src/main/AndroidManifest.xml:47:17-76
176-->src/main/AndroidManifest.xml:47:27-73
177                <category android:name="android.intent.category.BROWSABLE" />
177-->src/main/AndroidManifest.xml:48:17-78
177-->src/main/AndroidManifest.xml:48:27-75
178
179                <data
179-->src/main/AndroidManifest.xml:51:17-52:78
180                    android:host="firebase.auth"
180-->src/main/AndroidManifest.xml:51:23-43
181                    android:path="/"
182                    android:scheme="genericidp" />
182-->src/main/AndroidManifest.xml:52:21-75
183            </intent-filter>
184        </activity>
185        <activity
185-->[com.google.firebase:firebase-auth:21.0.3] AndroidManifest.xml:45:9-62:20
186            android:name="com.google.firebase.auth.internal.RecaptchaActivity"
186-->[com.google.firebase:firebase-auth:21.0.3] AndroidManifest.xml:46:13-79
187            android:excludeFromRecents="true"
187-->[com.google.firebase:firebase-auth:21.0.3] AndroidManifest.xml:47:13-46
188            android:exported="true"
188-->[com.google.firebase:firebase-auth:21.0.3] AndroidManifest.xml:48:13-36
189            android:launchMode="singleTask"
189-->[com.google.firebase:firebase-auth:21.0.3] AndroidManifest.xml:49:13-44
190            android:theme="@android:style/Theme.Translucent.NoTitleBar" >
190-->[com.google.firebase:firebase-auth:21.0.3] AndroidManifest.xml:50:13-72
191            <intent-filter>
191-->[com.google.firebase:firebase-auth:21.0.3] AndroidManifest.xml:51:13-61:29
192                <action android:name="android.intent.action.VIEW" />
192-->src/main/AndroidManifest.xml:46:17-69
192-->src/main/AndroidManifest.xml:46:25-66
193
194                <category android:name="android.intent.category.DEFAULT" />
194-->src/main/AndroidManifest.xml:47:17-76
194-->src/main/AndroidManifest.xml:47:27-73
195                <category android:name="android.intent.category.BROWSABLE" />
195-->src/main/AndroidManifest.xml:48:17-78
195-->src/main/AndroidManifest.xml:48:27-75
196
197                <data
197-->src/main/AndroidManifest.xml:51:17-52:78
198                    android:host="firebase.auth"
198-->src/main/AndroidManifest.xml:51:23-43
199                    android:path="/"
200                    android:scheme="recaptcha" />
200-->src/main/AndroidManifest.xml:52:21-75
201            </intent-filter>
202        </activity>
203
204        <provider
204-->[com.google.firebase:firebase-common:20.1.0] AndroidManifest.xml:26:9-31:39
205            android:name="com.google.firebase.provider.FirebaseInitProvider"
205-->[com.google.firebase:firebase-common:20.1.0] AndroidManifest.xml:27:13-77
206            android:authorities="com.madmillgames.fluttersnslogin2205.firebaseinitprovider"
206-->[com.google.firebase:firebase-common:20.1.0] AndroidManifest.xml:28:13-72
207            android:directBootAware="true"
207-->[com.google.firebase:firebase-common:20.1.0] AndroidManifest.xml:29:13-43
208            android:exported="false"
208-->[com.google.firebase:firebase-common:20.1.0] AndroidManifest.xml:30:13-37
209            android:initOrder="100" />
209-->[com.google.firebase:firebase-common:20.1.0] AndroidManifest.xml:31:13-36
210
211        <activity
211-->[com.google.android.gms:play-services-auth:20.0.1] AndroidManifest.xml:23:9-27:75
212            android:name="com.google.android.gms.auth.api.signin.internal.SignInHubActivity"
212-->[com.google.android.gms:play-services-auth:20.0.1] AndroidManifest.xml:24:13-93
213            android:excludeFromRecents="true"
213-->[com.google.android.gms:play-services-auth:20.0.1] AndroidManifest.xml:25:13-46
214            android:exported="false"
214-->[com.google.android.gms:play-services-auth:20.0.1] AndroidManifest.xml:26:13-37
215            android:theme="@android:style/Theme.Translucent.NoTitleBar" />
215-->[com.google.android.gms:play-services-auth:20.0.1] AndroidManifest.xml:27:13-72
216        <!--
217            Service handling Google Sign-In user revocation. For apps that do not integrate with
218            Google Sign-In, this service will never be started.
219        -->
220        <service
220-->[com.google.android.gms:play-services-auth:20.0.1] AndroidManifest.xml:33:9-37:51
221            android:name="com.google.android.gms.auth.api.signin.RevocationBoundService"
221-->[com.google.android.gms:play-services-auth:20.0.1] AndroidManifest.xml:34:13-89
222            android:exported="true"
222-->[com.google.android.gms:play-services-auth:20.0.1] AndroidManifest.xml:35:13-36
223            android:permission="com.google.android.gms.auth.api.signin.permission.REVOCATION_NOTIFICATION"
223-->[com.google.android.gms:play-services-auth:20.0.1] AndroidManifest.xml:36:13-107
224            android:visibleToInstantApps="true" />
224-->[com.google.android.gms:play-services-auth:20.0.1] AndroidManifest.xml:37:13-48
225
226        <receiver
226-->[com.google.android.gms:play-services-measurement:20.1.2] AndroidManifest.xml:29:9-33:20
227            android:name="com.google.android.gms.measurement.AppMeasurementReceiver"
227-->[com.google.android.gms:play-services-measurement:20.1.2] AndroidManifest.xml:30:13-85
228            android:enabled="true"
228-->[com.google.android.gms:play-services-measurement:20.1.2] AndroidManifest.xml:31:13-35
229            android:exported="false" >
229-->[com.google.android.gms:play-services-measurement:20.1.2] AndroidManifest.xml:32:13-37
230        </receiver>
231
232        <service
232-->[com.google.android.gms:play-services-measurement:20.1.2] AndroidManifest.xml:35:9-38:40
233            android:name="com.google.android.gms.measurement.AppMeasurementService"
233-->[com.google.android.gms:play-services-measurement:20.1.2] AndroidManifest.xml:36:13-84
234            android:enabled="true"
234-->[com.google.android.gms:play-services-measurement:20.1.2] AndroidManifest.xml:37:13-35
235            android:exported="false" />
235-->[com.google.android.gms:play-services-measurement:20.1.2] AndroidManifest.xml:38:13-37
236        <service
236-->[com.google.android.gms:play-services-measurement:20.1.2] AndroidManifest.xml:39:9-43:72
237            android:name="com.google.android.gms.measurement.AppMeasurementJobService"
237-->[com.google.android.gms:play-services-measurement:20.1.2] AndroidManifest.xml:40:13-87
238            android:enabled="true"
238-->[com.google.android.gms:play-services-measurement:20.1.2] AndroidManifest.xml:41:13-35
239            android:exported="false"
239-->[com.google.android.gms:play-services-measurement:20.1.2] AndroidManifest.xml:42:13-37
240            android:permission="android.permission.BIND_JOB_SERVICE" />
240-->[com.google.android.gms:play-services-measurement:20.1.2] AndroidManifest.xml:43:13-69
241
242        <activity
242-->[com.google.android.gms:play-services-base:18.0.1] AndroidManifest.xml:20:9-22:45
243            android:name="com.google.android.gms.common.api.GoogleApiActivity"
243-->[com.google.android.gms:play-services-base:18.0.1] AndroidManifest.xml:20:19-85
244            android:exported="false"
244-->[com.google.android.gms:play-services-base:18.0.1] AndroidManifest.xml:22:19-43
245            android:theme="@android:style/Theme.Translucent.NoTitleBar" />
245-->[com.google.android.gms:play-services-base:18.0.1] AndroidManifest.xml:21:19-78
246
247        <meta-data
247-->[com.google.android.gms:play-services-basement:18.0.0] AndroidManifest.xml:21:9-23:69
248            android:name="com.google.android.gms.version"
248-->[com.google.android.gms:play-services-basement:18.0.0] AndroidManifest.xml:22:13-58
249            android:value="@integer/google_play_services_version" />
249-->[com.google.android.gms:play-services-basement:18.0.0] AndroidManifest.xml:23:13-66
250
251        <activity
251-->[com.kakao.sdk:v2-auth:2.7.0] AndroidManifest.xml:12:9-16:56
252            android:name="com.kakao.sdk.auth.TalkAuthCodeActivity"
252-->[com.kakao.sdk:v2-auth:2.7.0] AndroidManifest.xml:13:13-67
253            android:exported="false"
253-->[com.kakao.sdk:v2-auth:2.7.0] AndroidManifest.xml:14:13-37
254            android:launchMode="singleTask"
254-->[com.kakao.sdk:v2-auth:2.7.0] AndroidManifest.xml:15:13-44
255            android:theme="@style/TransparentCompat" />
255-->[com.kakao.sdk:v2-auth:2.7.0] AndroidManifest.xml:16:13-53
256    </application>
257
258</manifest>